<?xml version="1.0" encoding="UTF-8"?>
<!-- Generated by org.testng.reporters.JUnitReportReporter -->
<testsuite hostname="Eldrid" name="test.AddContactTest" tests="1" failures="0" timestamp="6 Apr 2019 16:57:29 GMT" time="14.423" errors="0">
  <testcase name="AddingContact" time="14.423" classname="test.AddContactTest"/>
</testsuite> <!-- test.AddContactTest -->
